app/build/intermediates/manifest_merge_blame_file/debug/processDebugMainManifest/manifest-merger-blame-debug-report.txt
1<?xml version="1.0" encoding="utf-8"?>
2<manifest xmlns:android="http://schemas.android.com/apk/res/android"
3    package="com.example.szemelyes_penzugyi_menedzser"
4    android:versionCode="1"
5    android:versionName="1.0" >
6
7    <uses-sdk
8        android:minSdkVersion="24"
9        android:targetSdkVersion="34" />
10
11    <uses-permission android:name="android.permission.INTERNET" />
11-->src\main\AndroidManifest.xml:4:5-67
11-->src\main\AndroidManifest.xml:4:22-64
12    <uses-permission android:name="android.permission.ACCESS_NETWORK_STATE" />
12-->src\main\AndroidManifest.xml:5:5-79
12-->src\main\AndroidManifest.xml:5:22-76
13
14    <meta-data
14-->src\main\AndroidManifest.xml:6:5-8:65
15        android:name="com.google.android.gms.ads.APPLICATION_ID"
15-->src\main\AndroidManifest.xml:7:9-65
16        android:value="ca-app-pub-3940256099942544~3347511713" />
16-->src\main\AndroidManifest.xml:8:9-63
17
18    <uses-permission android:name="android.permission.WAKE_LOCK" />
18-->[com.google.android.gms:play-services-measurement-api:22.1.2] AndroidManifest.xml:24:5-68
18-->[com.google.android.gms:play-services-measurement-api:22.1.2] AndroidManifest.xml:24:22-65
19    <uses-permission android:name="com.google.android.gms.permission.AD_ID" />
19-->[com.google.android.gms:play-services-measurement-api:22.1.2] AndroidManifest.xml:25:5-79
19-->[com.google.android.gms:play-services-measurement-api:22.1.2] AndroidManifest.xml:25:22-76
20    <uses-permission android:name="android.permission.ACCESS_ADSERVICES_ATTRIBUTION" />
20-->[com.google.android.gms:play-services-measurement-api:22.1.2] AndroidManifest.xml:26:5-88
20-->[com.google.android.gms:play-services-measurement-api:22.1.2] AndroidManifest.xml:26:22-85
21    <uses-permission android:name="android.permission.ACCESS_ADSERVICES_AD_ID" />
21-->[com.google.android.gms:play-services-measurement-api:22.1.2] AndroidManifest.xml:27:5-82
21-->[com.google.android.gms:play-services-measurement-api:22.1.2] AndroidManifest.xml:27:22-79
22    <uses-permission android:name="android.permission.ACCESS_COARSE_LOCATION" />
22-->[com.google.android.libraries.places:places:4.1.0] AndroidManifest.xml:9:5-81
22-->[com.google.android.libraries.places:places:4.1.0] AndroidManifest.xml:9:22-78
23    <uses-permission android:name="android.permission.ACCESS_FINE_LOCATION" />
23-->[com.google.android.libraries.places:places:4.1.0] AndroidManifest.xml:10:5-79
23-->[com.google.android.libraries.places:places:4.1.0] AndroidManifest.xml:10:22-76
24    <uses-permission android:name="android.permission.ACCESS_WIFI_STATE" />
24-->[com.google.android.libraries.places:places:4.1.0] AndroidManifest.xml:11:5-76
24-->[com.google.android.libraries.places:places:4.1.0] AndroidManifest.xml:11:22-73
25
26    <uses-feature
26-->[com.google.android.gms:play-services-maps:17.0.0] AndroidManifest.xml:26:5-28:35
27        android:glEsVersion="0x00020000"
27-->[com.google.android.gms:play-services-maps:17.0.0] AndroidManifest.xml:27:9-41
28        android:required="true" />
28-->[com.google.android.gms:play-services-maps:17.0.0] AndroidManifest.xml:28:9-32
29
30    <uses-permission android:name="com.google.android.finsky.permission.BIND_GET_INSTALL_REFERRER_SERVICE" />
30-->[com.google.android.gms:play-services-measurement:22.1.2] AndroidManifest.xml:26:5-110
30-->[com.google.android.gms:play-services-measurement:22.1.2] AndroidManifest.xml:26:22-107
31    <uses-permission android:name="com.google.android.providers.gsf.permission.READ_GSERVICES" />
31-->[com.google.android.recaptcha:recaptcha:18.5.1] AndroidManifest.xml:9:5-98
31-->[com.google.android.recaptcha:recaptcha:18.5.1] AndroidManifest.xml:9:22-95
32
33    <permission
33-->[androidx.core:core:1.13.1] AndroidManifest.xml:22:5-24:47
34        android:name="com.example.szemelyes_penzugyi_menedzser.DYNAMIC_RECEIVER_NOT_EXPORTED_PERMISSION"
34-->[androidx.core:core:1.13.1] AndroidManifest.xml:23:9-81
35        android:protectionLevel="signature" />
35-->[androidx.core:core:1.13.1] AndroidManifest.xml:24:9-44
36
37    <uses-permission android:name="com.example.szemelyes_penzugyi_menedzser.DYNAMIC_RECEIVER_NOT_EXPORTED_PERMISSION" />
37-->[androidx.core:core:1.13.1] AndroidManifest.xml:26:5-97
37-->[androidx.core:core:1.13.1] AndroidManifest.xml:26:22-94
38
39    <application
39-->src\main\AndroidManifest.xml:11:5-43:19
40        android:allowBackup="true"
40-->src\main\AndroidManifest.xml:13:9-35
41        android:appComponentFactory="androidx.core.app.CoreComponentFactory"
41-->[androidx.core:core:1.13.1] AndroidManifest.xml:28:18-86
42        android:dataExtractionRules="@xml/data_extraction_rules"
42-->src\main\AndroidManifest.xml:14:9-65
43        android:debuggable="true"
44        android:enableOnBackInvokedCallback="true"
44-->src\main\AndroidManifest.xml:12:9-51
45        android:extractNativeLibs="false"
46        android:fullBackupContent="@xml/backup_rules"
46-->src\main\AndroidManifest.xml:15:9-54
47        android:icon="@mipmap/ic_launcher"
47-->src\main\AndroidManifest.xml:16:9-43
48        android:label="@string/app_name"
48-->src\main\AndroidManifest.xml:17:9-41
49        android:roundIcon="@mipmap/ic_launcher_round"
49-->src\main\AndroidManifest.xml:18:9-54
50        android:supportsRtl="true"
50-->src\main\AndroidManifest.xml:19:9-35
51        android:testOnly="true"
52        android:theme="@style/Theme.Szemelyes_penzugyi_menedzser" >
52-->src\main\AndroidManifest.xml:20:9-66
53        <activity
53-->src\main\AndroidManifest.xml:22:9-24:40
54            android:name="com.example.szemelyes_penzugyi_menedzser.Rendszeres_kifizetesek"
54-->src\main\AndroidManifest.xml:23:13-51
55            android:exported="false" />
55-->src\main\AndroidManifest.xml:24:13-37
56        <activity
56-->src\main\AndroidManifest.xml:25:9-27:40
57            android:name="com.example.szemelyes_penzugyi_menedzser.ElemzesActivity"
57-->src\main\AndroidManifest.xml:26:13-44
58            android:exported="false" />
58-->src\main\AndroidManifest.xml:27:13-37
59        <activity
59-->src\main\AndroidManifest.xml:28:9-30:40
60            android:name="com.example.szemelyes_penzugyi_menedzser.Regisztracio"
60-->src\main\AndroidManifest.xml:29:13-41
61            android:exported="false" />
61-->src\main\AndroidManifest.xml:30:13-37
62        <activity
62-->src\main\AndroidManifest.xml:31:9-33:40
63            android:name="com.example.szemelyes_penzugyi_menedzser.Telefonszam"
63-->src\main\AndroidManifest.xml:32:13-40
64            android:exported="false" />
64-->src\main\AndroidManifest.xml:33:13-37
65        <activity
65-->src\main\AndroidManifest.xml:34:9-42:20
66            android:name="com.example.szemelyes_penzugyi_menedzser.Bejelentkezes"
66-->src\main\AndroidManifest.xml:35:13-42
67            android:exported="true" >
67-->src\main\AndroidManifest.xml:36:13-36
68            <intent-filter>
68-->src\main\AndroidManifest.xml:37:13-41:29
69                <action android:name="android.intent.action.MAIN" />
69-->src\main\AndroidManifest.xml:38:17-69
69-->src\main\AndroidManifest.xml:38:25-66
70
71                <category android:name="android.intent.category.LAUNCHER" />
71-->src\main\AndroidManifest.xml:40:17-77
71-->src\main\AndroidManifest.xml:40:27-74
72            </intent-filter>
73        </activity>
74
75        <service
75-->[com.google.firebase:firebase-database-ktx:21.0.0] AndroidManifest.xml:9:9-15:19
76            android:name="com.google.firebase.components.ComponentDiscoveryService"
76-->[com.google.firebase:firebase-database-ktx:21.0.0] AndroidManifest.xml:10:13-84
77            android:directBootAware="true"
77-->[com.google.firebase:firebase-common:21.0.0] AndroidManifest.xml:32:13-43
78            android:exported="false" >
78-->[com.google.firebase:firebase-database-ktx:21.0.0] AndroidManifest.xml:11:13-37
79            <meta-data
79-->[com.google.firebase:firebase-database-ktx:21.0.0] AndroidManifest.xml:12:13-14:85
80                android:name="com.google.firebase.components:com.google.firebase.database.ktx.FirebaseDatabaseLegacyRegistrar"
80-->[com.google.firebase:firebase-database-ktx:21.0.0] AndroidManifest.xml:13:17-127
81                android:value="com.google.firebase.components.ComponentRegistrar" />
81-->[com.google.firebase:firebase-database-ktx:21.0.0] AndroidManifest.xml:14:17-82
82            <meta-data
82-->[com.google.firebase:firebase-firestore-ktx:25.1.1] AndroidManifest.xml:12:13-14:85
83                android:name="com.google.firebase.components:com.google.firebase.firestore.ktx.FirebaseFirestoreLegacyRegistrar"
83-->[com.google.firebase:firebase-firestore-ktx:25.1.1] AndroidManifest.xml:13:17-129
84                android:value="com.google.firebase.components.ComponentRegistrar" />
84-->[com.google.firebase:firebase-firestore-ktx:25.1.1] AndroidManifest.xml:14:17-82
85            <meta-data
85-->[com.google.firebase:firebase-auth-ktx:23.1.0] AndroidManifest.xml:11:13-13:85
86                android:name="com.google.firebase.components:com.google.firebase.auth.ktx.FirebaseAuthLegacyRegistrar"
86-->[com.google.firebase:firebase-auth-ktx:23.1.0] AndroidManifest.xml:12:17-119
87                android:value="com.google.firebase.components.ComponentRegistrar" />
87-->[com.google.firebase:firebase-auth-ktx:23.1.0] AndroidManifest.xml:13:17-82
88            <meta-data
88-->[com.google.firebase:firebase-auth:23.1.0] AndroidManifest.xml:69:13-71:85
89                android:name="com.google.firebase.components:com.google.firebase.auth.FirebaseAuthRegistrar"
89-->[com.google.firebase:firebase-auth:23.1.0] AndroidManifest.xml:70:17-109
90                android:value="com.google.firebase.components.ComponentRegistrar" />
90-->[com.google.firebase:firebase-auth:23.1.0] AndroidManifest.xml:71:17-82
91            <meta-data
91-->[com.google.firebase:firebase-firestore:25.1.1] AndroidManifest.xml:17:13-19:85
92                android:name="com.google.firebase.components:com.google.firebase.firestore.FirebaseFirestoreKtxRegistrar"
92-->[com.google.firebase:firebase-firestore:25.1.1] AndroidManifest.xml:18:17-122
93                android:value="com.google.firebase.components.ComponentRegistrar" />
93-->[com.google.firebase:firebase-firestore:25.1.1] AndroidManifest.xml:19:17-82
94            <meta-data
94-->[com.google.firebase:firebase-firestore:25.1.1] AndroidManifest.xml:20:13-22:85
95                android:name="com.google.firebase.components:com.google.firebase.firestore.FirestoreRegistrar"
95-->[com.google.firebase:firebase-firestore:25.1.1] AndroidManifest.xml:21:17-111
96                android:value="com.google.firebase.components.ComponentRegistrar" />
96-->[com.google.firebase:firebase-firestore:25.1.1] AndroidManifest.xml:22:17-82
97            <meta-data
97-->[com.google.firebase:firebase-database:21.0.0] AndroidManifest.xml:29:13-31:85
98                android:name="com.google.firebase.components:com.google.firebase.database.FirebaseDatabaseKtxRegistrar"
98-->[com.google.firebase:firebase-database:21.0.0] AndroidManifest.xml:30:17-120
99                android:value="com.google.firebase.components.ComponentRegistrar" />
99-->[com.google.firebase:firebase-database:21.0.0] AndroidManifest.xml:31:17-82
100            <meta-data
100-->[com.google.firebase:firebase-database:21.0.0] AndroidManifest.xml:32:13-34:85
101                android:name="com.google.firebase.components:com.google.firebase.database.DatabaseRegistrar"
101-->[com.google.firebase:firebase-database:21.0.0] AndroidManifest.xml:33:17-109
102                android:value="com.google.firebase.components.ComponentRegistrar" />
102-->[com.google.firebase:firebase-database:21.0.0] AndroidManifest.xml:34:17-82
103            <meta-data
103-->[com.google.android.gms:play-services-measurement-api:22.1.2] AndroidManifest.xml:37:13-39:85
104                android:name="com.google.firebase.components:com.google.firebase.analytics.connector.internal.AnalyticsConnectorRegistrar"
104-->[com.google.android.gms:play-services-measurement-api:22.1.2] AndroidManifest.xml:38:17-139
105                android:value="com.google.firebase.components.ComponentRegistrar" />
105-->[com.google.android.gms:play-services-measurement-api:22.1.2] AndroidManifest.xml:39:17-82
106            <meta-data
106-->[com.google.firebase:firebase-installations:18.0.0] AndroidManifest.xml:15:13-17:85
107                android:name="com.google.firebase.components:com.google.firebase.installations.FirebaseInstallationsKtxRegistrar"
107-->[com.google.firebase:firebase-installations:18.0.0] AndroidManifest.xml:16:17-130
108                android:value="com.google.firebase.components.ComponentRegistrar" />
108-->[com.google.firebase:firebase-installations:18.0.0] AndroidManifest.xml:17:17-82
109            <meta-data
109-->[com.google.firebase:firebase-installations:18.0.0] AndroidManifest.xml:18:13-20:85
110                android:name="com.google.firebase.components:com.google.firebase.installations.FirebaseInstallationsRegistrar"
110-->[com.google.firebase:firebase-installations:18.0.0] AndroidManifest.xml:19:17-127
111                android:value="com.google.firebase.components.ComponentRegistrar" />
111-->[com.google.firebase:firebase-installations:18.0.0] AndroidManifest.xml:20:17-82
112            <meta-data
112-->[com.google.firebase:firebase-common-ktx:21.0.0] AndroidManifest.xml:12:13-14:85
113                android:name="com.google.firebase.components:com.google.firebase.ktx.FirebaseCommonLegacyRegistrar"
113-->[com.google.firebase:firebase-common-ktx:21.0.0] AndroidManifest.xml:13:17-116
114                android:value="com.google.firebase.components.ComponentRegistrar" />
114-->[com.google.firebase:firebase-common-ktx:21.0.0] AndroidManifest.xml:14:17-82
115            <meta-data
115-->[com.google.firebase:firebase-common:21.0.0] AndroidManifest.xml:35:13-37:85
116                android:name="com.google.firebase.components:com.google.firebase.FirebaseCommonKtxRegistrar"
116-->[com.google.firebase:firebase-common:21.0.0] AndroidManifest.xml:36:17-109
117                android:value="com.google.firebase.components.ComponentRegistrar" />
117-->[com.google.firebase:firebase-common:21.0.0] AndroidManifest.xml:37:17-82
118        </service>
119
120        <activity
120-->[com.google.firebase:firebase-auth:23.1.0] AndroidManifest.xml:29:9-46:20
121            android:name="com.google.firebase.auth.internal.GenericIdpActivity"
121-->[com.google.firebase:firebase-auth:23.1.0] AndroidManifest.xml:30:13-80
122            android:excludeFromRecents="true"
122-->[com.google.firebase:firebase-auth:23.1.0] AndroidManifest.xml:31:13-46
123            android:exported="true"
123-->[com.google.firebase:firebase-auth:23.1.0] AndroidManifest.xml:32:13-36
124            android:launchMode="singleTask"
124-->[com.google.firebase:firebase-auth:23.1.0] AndroidManifest.xml:33:13-44
125            android:theme="@android:style/Theme.Translucent.NoTitleBar" >
125-->[com.google.firebase:firebase-auth:23.1.0] AndroidManifest.xml:34:13-72
126            <intent-filter>
126-->[com.google.firebase:firebase-auth:23.1.0] AndroidManifest.xml:35:13-45:29
127                <action android:name="android.intent.action.VIEW" />
127-->[com.google.firebase:firebase-auth:23.1.0] AndroidManifest.xml:36:17-69
127-->[com.google.firebase:firebase-auth:23.1.0] AndroidManifest.xml:36:25-66
128
129                <category android:name="android.intent.category.DEFAULT" />
129-->[com.google.firebase:firebase-auth:23.1.0] AndroidManifest.xml:38:17-76
129-->[com.google.firebase:firebase-auth:23.1.0] AndroidManifest.xml:38:27-73
130                <category android:name="android.intent.category.BROWSABLE" />
130-->[com.google.firebase:firebase-auth:23.1.0] AndroidManifest.xml:39:17-78
130-->[com.google.firebase:firebase-auth:23.1.0] AndroidManifest.xml:39:27-75
131
132                <data
132-->[com.google.firebase:firebase-auth:23.1.0] AndroidManifest.xml:41:17-44:51
133                    android:host="firebase.auth"
133-->[com.google.firebase:firebase-auth:23.1.0] AndroidManifest.xml:42:21-49
134                    android:path="/"
134-->[com.google.firebase:firebase-auth:23.1.0] AndroidManifest.xml:43:21-37
135                    android:scheme="genericidp" />
135-->[com.google.firebase:firebase-auth:23.1.0] AndroidManifest.xml:44:21-48
136            </intent-filter>
137        </activity>
138        <activity
138-->[com.google.firebase:firebase-auth:23.1.0] AndroidManifest.xml:47:9-64:20
139            android:name="com.google.firebase.auth.internal.RecaptchaActivity"
139-->[com.google.firebase:firebase-auth:23.1.0] AndroidManifest.xml:48:13-79
140            android:excludeFromRecents="true"
140-->[com.google.firebase:firebase-auth:23.1.0] AndroidManifest.xml:49:13-46
141            android:exported="true"
141-->[com.google.firebase:firebase-auth:23.1.0] AndroidManifest.xml:50:13-36
142            android:launchMode="singleTask"
142-->[com.google.firebase:firebase-auth:23.1.0] AndroidManifest.xml:51:13-44
143            android:theme="@android:style/Theme.Translucent.NoTitleBar" >
143-->[com.google.firebase:firebase-auth:23.1.0] AndroidManifest.xml:52:13-72
144            <intent-filter>
144-->[com.google.firebase:firebase-auth:23.1.0] AndroidManifest.xml:53:13-63:29
145                <action android:name="android.intent.action.VIEW" />
145-->[com.google.firebase:firebase-auth:23.1.0] AndroidManifest.xml:36:17-69
145-->[com.google.firebase:firebase-auth:23.1.0] AndroidManifest.xml:36:25-66
146
147                <category android:name="android.intent.category.DEFAULT" />
147-->[com.google.firebase:firebase-auth:23.1.0] AndroidManifest.xml:38:17-76
147-->[com.google.firebase:firebase-auth:23.1.0] AndroidManifest.xml:38:27-73
148                <category android:name="android.intent.category.BROWSABLE" />
148-->[com.google.firebase:firebase-auth:23.1.0] AndroidManifest.xml:39:17-78
148-->[com.google.firebase:firebase-auth:23.1.0] AndroidManifest.xml:39:27-75
149
150                <data
150-->[com.google.firebase:firebase-auth:23.1.0] AndroidManifest.xml:41:17-44:51
151                    android:host="firebase.auth"
151-->[com.google.firebase:firebase-auth:23.1.0] AndroidManifest.xml:42:21-49
152                    android:path="/"
152-->[com.google.firebase:firebase-auth:23.1.0] AndroidManifest.xml:43:21-37
153                    android:scheme="recaptcha" />
153-->[com.google.firebase:firebase-auth:23.1.0] AndroidManifest.xml:44:21-48
154            </intent-filter>
155        </activity>
156
157        <property
157-->[com.google.android.gms:play-services-measurement-api:22.1.2] AndroidManifest.xml:30:9-32:61
158            android:name="android.adservices.AD_SERVICES_CONFIG"
158-->[com.google.android.gms:play-services-measurement-api:22.1.2] AndroidManifest.xml:31:13-65
159            android:resource="@xml/ga_ad_services_config" />
159-->[com.google.android.gms:play-services-measurement-api:22.1.2] AndroidManifest.xml:32:13-58
160
161        <activity
161-->[com.google.android.libraries.places:places:4.1.0] AndroidManifest.xml:15:9-21:20
162            android:name="com.google.android.libraries.places.widget.AutocompleteActivity"
162-->[com.google.android.libraries.places:places:4.1.0] AndroidManifest.xml:16:13-91
163            android:exported="false"
163-->[com.google.android.libraries.places:places:4.1.0] AndroidManifest.xml:17:13-37
164            android:label="@string/places_autocomplete_label"
164-->[com.google.android.libraries.places:places:4.1.0] AndroidManifest.xml:18:13-62
165            android:theme="@style/PlacesAutocompleteOverlay"
165-->[com.google.android.libraries.places:places:4.1.0] AndroidManifest.xml:19:13-61
166            android:windowSoftInputMode="adjustResize" >
166-->[com.google.android.libraries.places:places:4.1.0] AndroidManifest.xml:20:13-55
167        </activity>
168
169        <service
169-->[androidx.credentials:credentials-play-services-auth:1.2.0-rc01] AndroidManifest.xml:24:9-32:19
170            android:name="androidx.credentials.playservices.CredentialProviderMetadataHolder"
170-->[androidx.credentials:credentials-play-services-auth:1.2.0-rc01] AndroidManifest.xml:25:13-94
171            android:enabled="true"
171-->[androidx.credentials:credentials-play-services-auth:1.2.0-rc01] AndroidManifest.xml:26:13-35
172            android:exported="false" >
172-->[androidx.credentials:credentials-play-services-auth:1.2.0-rc01] AndroidManifest.xml:27:13-37
173            <meta-data
173-->[androidx.credentials:credentials-play-services-auth:1.2.0-rc01] AndroidManifest.xml:29:13-31:104
174                android:name="androidx.credentials.CREDENTIAL_PROVIDER_KEY"
174-->[androidx.credentials:credentials-play-services-auth:1.2.0-rc01] AndroidManifest.xml:30:17-76
175                android:value="androidx.credentials.playservices.CredentialProviderPlayServicesImpl" />
175-->[androidx.credentials:credentials-play-services-auth:1.2.0-rc01] AndroidManifest.xml:31:17-101
176        </service>
177
178        <activity
178-->[androidx.credentials:credentials-play-services-auth:1.2.0-rc01] AndroidManifest.xml:34:9-41:20
179            android:name="androidx.credentials.playservices.HiddenActivity"
179-->[androidx.credentials:credentials-play-services-auth:1.2.0-rc01] AndroidManifest.xml:35:13-76
180            android:configChanges="orientation|screenSize|screenLayout|keyboardHidden"
180-->[androidx.credentials:credentials-play-services-auth:1.2.0-rc01] AndroidManifest.xml:36:13-87
181            android:enabled="true"
181-->[androidx.credentials:credentials-play-services-auth:1.2.0-rc01] AndroidManifest.xml:37:13-35
182            android:exported="false"
182-->[androidx.credentials:credentials-play-services-auth:1.2.0-rc01] AndroidManifest.xml:38:13-37
183            android:fitsSystemWindows="true"
183-->[androidx.credentials:credentials-play-services-auth:1.2.0-rc01] AndroidManifest.xml:39:13-45
184            android:theme="@style/Theme.Hidden" >
184-->[androidx.credentials:credentials-play-services-auth:1.2.0-rc01] AndroidManifest.xml:40:13-48
185        </activity>
186        <activity
186-->[com.google.android.gms:play-services-auth:21.3.0] AndroidManifest.xml:23:9-27:75
187            android:name="com.google.android.gms.auth.api.signin.internal.SignInHubActivity"
187-->[com.google.android.gms:play-services-auth:21.3.0] AndroidManifest.xml:24:13-93
188            android:excludeFromRecents="true"
188-->[com.google.android.gms:play-services-auth:21.3.0] AndroidManifest.xml:25:13-46
189            android:exported="false"
189-->[com.google.android.gms:play-services-auth:21.3.0] AndroidManifest.xml:26:13-37
190            android:theme="@android:style/Theme.Translucent.NoTitleBar" />
190-->[com.google.android.gms:play-services-auth:21.3.0] AndroidManifest.xml:27:13-72
191        <!--
192            Service handling Google Sign-In user revocation. For apps that do not integrate with
193            Google Sign-In, this service will never be started.
194        -->
195        <service
195-->[com.google.android.gms:play-services-auth:21.3.0] AndroidManifest.xml:33:9-37:51
196            android:name="com.google.android.gms.auth.api.signin.RevocationBoundService"
196-->[com.google.android.gms:play-services-auth:21.3.0] AndroidManifest.xml:34:13-89
197            android:exported="true"
197-->[com.google.android.gms:play-services-auth:21.3.0] AndroidManifest.xml:35:13-36
198            android:permission="com.google.android.gms.auth.api.signin.permission.REVOCATION_NOTIFICATION"
198-->[com.google.android.gms:play-services-auth:21.3.0] AndroidManifest.xml:36:13-107
199            android:visibleToInstantApps="true" /> <!-- Needs to be explicitly declared on P+ -->
199-->[com.google.android.gms:play-services-auth:21.3.0] AndroidManifest.xml:37:13-48
200        <uses-library
200-->[com.google.android.gms:play-services-maps:17.0.0] AndroidManifest.xml:33:9-35:40
201            android:name="org.apache.http.legacy"
201-->[com.google.android.gms:play-services-maps:17.0.0] AndroidManifest.xml:34:13-50
202            android:required="false" />
202-->[com.google.android.gms:play-services-maps:17.0.0] AndroidManifest.xml:35:13-37
203
204        <receiver
204-->[com.google.android.gms:play-services-measurement:22.1.2] AndroidManifest.xml:29:9-33:20
205            android:name="com.google.android.gms.measurement.AppMeasurementReceiver"
205-->[com.google.android.gms:play-services-measurement:22.1.2] AndroidManifest.xml:30:13-85
206            android:enabled="true"
206-->[com.google.android.gms:play-services-measurement:22.1.2] AndroidManifest.xml:31:13-35
207            android:exported="false" >
207-->[com.google.android.gms:play-services-measurement:22.1.2] AndroidManifest.xml:32:13-37
208        </receiver>
209
210        <service
210-->[com.google.android.gms:play-services-measurement:22.1.2] AndroidManifest.xml:35:9-38:40
211            android:name="com.google.android.gms.measurement.AppMeasurementService"
211-->[com.google.android.gms:play-services-measurement:22.1.2] AndroidManifest.xml:36:13-84
212            android:enabled="true"
212-->[com.google.android.gms:play-services-measurement:22.1.2] AndroidManifest.xml:37:13-35
213            android:exported="false" />
213-->[com.google.android.gms:play-services-measurement:22.1.2] AndroidManifest.xml:38:13-37
214        <service
214-->[com.google.android.gms:play-services-measurement:22.1.2] AndroidManifest.xml:39:9-43:72
215            android:name="com.google.android.gms.measurement.AppMeasurementJobService"
215-->[com.google.android.gms:play-services-measurement:22.1.2] AndroidManifest.xml:40:13-87
216            android:enabled="true"
216-->[com.google.android.gms:play-services-measurement:22.1.2] AndroidManifest.xml:41:13-35
217            android:exported="false"
217-->[com.google.android.gms:play-services-measurement:22.1.2] AndroidManifest.xml:42:13-37
218            android:permission="android.permission.BIND_JOB_SERVICE" />
218-->[com.google.android.gms:play-services-measurement:22.1.2] AndroidManifest.xml:43:13-69
219
220        <activity
220-->[com.google.android.gms:play-services-base:18.5.0] AndroidManifest.xml:5:9-173
221            android:name="com.google.android.gms.common.api.GoogleApiActivity"
221-->[com.google.android.gms:play-services-base:18.5.0] AndroidManifest.xml:5:19-85
222            android:exported="false"
222-->[com.google.android.gms:play-services-base:18.5.0] AndroidManifest.xml:5:146-170
223            android:theme="@android:style/Theme.Translucent.NoTitleBar" />
223-->[com.google.android.gms:play-services-base:18.5.0] AndroidManifest.xml:5:86-145
224
225        <provider
225-->[com.google.firebase:firebase-common:21.0.0] AndroidManifest.xml:23:9-28:39
226            android:name="com.google.firebase.provider.FirebaseInitProvider"
226-->[com.google.firebase:firebase-common:21.0.0] AndroidManifest.xml:24:13-77
227            android:authorities="com.example.szemelyes_penzugyi_menedzser.firebaseinitprovider"
227-->[com.google.firebase:firebase-common:21.0.0] AndroidManifest.xml:25:13-72
228            android:directBootAware="true"
228-->[com.google.firebase:firebase-common:21.0.0] AndroidManifest.xml:26:13-43
229            android:exported="false"
229-->[com.google.firebase:firebase-common:21.0.0] AndroidManifest.xml:27:13-37
230            android:initOrder="100" />
230-->[com.google.firebase:firebase-common:21.0.0] AndroidManifest.xml:28:13-36
231        <provider
231-->[androidx.emoji2:emoji2:1.3.0] AndroidManifest.xml:24:9-32:20
232            android:name="androidx.startup.InitializationProvider"
232-->[androidx.emoji2:emoji2:1.3.0] AndroidManifest.xml:25:13-67
233            android:authorities="com.example.szemelyes_penzugyi_menedzser.androidx-startup"
233-->[androidx.emoji2:emoji2:1.3.0] AndroidManifest.xml:26:13-68
234            android:exported="false" >
234-->[androidx.emoji2:emoji2:1.3.0] AndroidManifest.xml:27:13-37
235            <meta-data
235-->[androidx.emoji2:emoji2:1.3.0] AndroidManifest.xml:29:13-31:52
236                android:name="androidx.emoji2.text.EmojiCompatInitializer"
236-->[androidx.emoji2:emoji2:1.3.0] AndroidManifest.xml:30:17-75
237                android:value="androidx.startup" />
237-->[androidx.emoji2:emoji2:1.3.0] AndroidManifest.xml:31:17-49
238            <meta-data
238-->[androidx.lifecycle:lifecycle-process:2.8.3] AndroidManifest.xml:29:13-31:52
239                android:name="androidx.lifecycle.ProcessLifecycleInitializer"
239-->[androidx.lifecycle:lifecycle-process:2.8.3] AndroidManifest.xml:30:17-78
240                android:value="androidx.startup" />
240-->[androidx.lifecycle:lifecycle-process:2.8.3] AndroidManifest.xml:31:17-49
241            <meta-data
241-->[androidx.profileinstaller:profileinstaller:1.3.1] AndroidManifest.xml:29:13-31:52
242                android:name="androidx.profileinstaller.ProfileInstallerInitializer"
242-->[androidx.profileinstaller:profileinstaller:1.3.1] AndroidManifest.xml:30:17-85
243                android:value="androidx.startup" />
243-->[androidx.profileinstaller:profileinstaller:1.3.1] AndroidManifest.xml:31:17-49
244        </provider>
245
246        <uses-library
246-->[androidx.privacysandbox.ads:ads-adservices:1.0.0-beta05] AndroidManifest.xml:23:9-25:40
247            android:name="android.ext.adservices"
247-->[androidx.privacysandbox.ads:ads-adservices:1.0.0-beta05] AndroidManifest.xml:24:13-50
248            android:required="false" />
248-->[androidx.privacysandbox.ads:ads-adservices:1.0.0-beta05] AndroidManifest.xml:25:13-37
249
250        <meta-data
250-->[com.google.android.gms:play-services-basement:18.4.0] AndroidManifest.xml:6:9-122
251            android:name="com.google.android.gms.version"
251-->[com.google.android.gms:play-services-basement:18.4.0] AndroidManifest.xml:6:20-65
252            android:value="@integer/google_play_services_version" />